Drill Listing
=============
Drill: .015  Tool: 1  Feed: 95  Speed: 300
X 42602  Y 78704
X 62602  Y 78704
X 42602  Y 98704
X 62700  Y 98800
X 42602  Y 118704
X 62602  Y 118704
X 62602  Y 138704
X 42602  Y 138704
X 42602  Y 158704
X 62602  Y 158704
X 62602  Y 178704
X 42602  Y 178704
X 42602  Y 198704
X 62602  Y 198704
X 77400  Y 325100
X 77400  Y 320200
X 85200  Y 277500
X 84500  Y 272600
X 77100  Y 257800
X 91800  Y 240000
X 82602  Y 198704
X 82602  Y 178704
X 82602  Y 158704
X 82602  Y 138704
X 82602  Y 118704
X 82700  Y 98800
X 82602  Y 78704
X 102602  Y 78704
X 122602  Y 78704
X 102700  Y 98800
X 122700  Y 98800
X 102602  Y 118704
X 122602  Y 118704
X 122602  Y 138704
X 102602  Y 138704
X 102602  Y 158704
X 122602  Y 158704
X 122600  Y 178700
X 142600  Y 178700
X 102602  Y 178704
X 122600  Y 198700
X 142600  Y 198700
X 102602  Y 198704
X 142000  Y 205500
X 137000  Y 205500
X 134600  Y 209100
X 134600  Y 214000
X 136200  Y 217900
X 122600  Y 218700
X 136200  Y 222700
X 136200  Y 227500
X 93000  Y 231100
X 126500  Y 244800
X 126500  Y 249700
X 132300  Y 255200
X 137100  Y 255200
X 131600  Y 262500
X 131600  Y 291600
X 135500  Y 300900
X 101800  Y 302200
X 136300  Y 305900
X 106500  Y 306300
X 129400  Y 320600
X 135400  Y 327400
X 129700  Y 327500
X 137300  Y 335400
X 153900  Y 346200
X 153900  Y 331200
X 145000  Y 331200
X 151200  Y 324500
X 152500  Y 306400
X 152300  Y 296000
X 152200  Y 287600
X 154600  Y 282500
X 154600  Y 278000
X 154600  Y 272100
X 154600  Y 267800
X 152200  Y 262600
X 154800  Y 259700
X 157800  Y 227500
X 157800  Y 222600
X 157800  Y 217900
X 159400  Y 214100
X 159400  Y 209200
X 152000  Y 205500
X 157000  Y 205500
X 147000  Y 205500
X 162600  Y 198700
X 162600  Y 178700
X 142602  Y 158704
X 162602  Y 158704
X 142602  Y 138704
X 162602  Y 138704
X 142602  Y 118704
X 162602  Y 118704
X 162700  Y 98800
X 142700  Y 98800
X 142602  Y 78704
X 162602  Y 78704
X 182600  Y 78800
X 202600  Y 78800
X 182700  Y 98800
X 202700  Y 98800
X 182602  Y 118704
X 202602  Y 118704
X 202602  Y 138704
X 182602  Y 138704
X 202602  Y 158704
X 182602  Y 158704
X 202600  Y 178700
X 182600  Y 178700
X 202600  Y 198700
X 182600  Y 198700
X 202600  Y 218700
X 182600  Y 218700
X 238000  Y 346000
X 236000  Y 329000
X 235100  Y 302600
X 235100  Y 296600
X 239500  Y 275900
X 239500  Y 269600
X 240300  Y 236000
X 222600  Y 218700
X 242400  Y 216500
X 222600  Y 198700
X 222600  Y 178700
X 222602  Y 158704
X 222602  Y 138704
X 222602  Y 118704
X 222700  Y 98800
X 222600  Y 78800
X 262602  Y 78704
X 242602  Y 78704
X 262700  Y 98800
X 242700  Y 98800
X 262602  Y 118704
X 242602  Y 118704
X 242602  Y 138704
X 262602  Y 138704
X 262602  Y 158704
X 242602  Y 158704
X 262602  Y 178704
X 242602  Y 178704
X 262602  Y 198704
X 242602  Y 198704
X 266000  Y 216500
X 258200  Y 216500
X 257900  Y 269600
X 251800  Y 275900
X 251800  Y 280000
X 243200  Y 280200
X 266800  Y 294800
X 255000  Y 294800
X 263700  Y 297600
X 266000  Y 300700
X 254600  Y 316900
X 254600  Y 328000
X 258300  Y 342900
X 275600  Y 346700
X 275500  Y 337400
X 271500  Y 337400
X 291500  Y 329600
X 281200  Y 323400
X 281400  Y 317100
X 286300  Y 312900
X 283000  Y 310000
X 268600  Y 310000
X 292500  Y 305500
X 268600  Y 303800
X 278600  Y 294800
X 272700  Y 269600
X 282200  Y 242100
X 282200  Y 237400
X 282200  Y 232900
X 282200  Y 226400
X 282200  Y 221700
X 270900  Y 216500
X 283300  Y 215500
X 282602  Y 198704
X 282602  Y 178704
X 282602  Y 158704
X 282602  Y 138704
X 282602  Y 118704
X 282700  Y 98800
X 282602  Y 78704
X 302602  Y 78704
X 302700  Y 98800
X 302602  Y 118704
X 302602  Y 138704
X 302602  Y 158704
X 302602  Y 178704
X 302602  Y 198704
X 311900  Y 216300
X 300000  Y 220400
X 298000  Y 224800
X 298000  Y 232700
X 298000  Y 238900
X 304900  Y 256400
X 305000  Y 268200
X 305000  Y 272100
X 294800  Y 290600
X 308300  Y 300100
X 298400  Y 305400
X 310100  Y 334300
X 310100  Y 346700
X 318800  Y 310900
X 322602  Y 198704
X 342602  Y 198704
X 342602  Y 178704
X 322602  Y 178704
X 322602  Y 158704
X 342602  Y 158704
X 342602  Y 138704
X 322602  Y 138704
X 322602  Y 118704
X 342602  Y 118704
X 322700  Y 98800
X 342700  Y 98800
X 342602  Y 78704
X 322602  Y 78704
End of Listing
