Drill Listing
=============
Drill: .015  Tool: 1  Feed: 95  Speed: 300
X 42602  Y 214700
X 42602  Y 234700
X 42602  Y 254700
X 42602  Y 274700
X 42602  Y 294700
X 42602  Y 314700
X 42602  Y 334700
X 42602  Y 354700
X 42602  Y 374700
X 62602  Y 374700
X 42602  Y 394700
X 62602  Y 394700
X 62602  Y 414700
X 42602  Y 414700
X 62602  Y 434700
X 62602  Y 454700
X 42600  Y 474700
X 62600  Y 474700
X 62602  Y 494700
X 42602  Y 494700
X 42602  Y 514700
X 62602  Y 514700
X 62602  Y 534700
X 42602  Y 534700
X 42602  Y 554700
X 62602  Y 554700
X 62602  Y 574700
X 42602  Y 574700
X 42602  Y 594700
X 62602  Y 594700
X 62602  Y 614700
X 42602  Y 614700
X 42602  Y 634700
X 62602  Y 634700
X 62602  Y 654700
X 42602  Y 654700
X 82602  Y 654700
X 102602  Y 654700
X 82600  Y 634700
X 102600  Y 634700
X 82602  Y 614700
X 102602  Y 614700
X 82602  Y 594700
X 102602  Y 594700
X 82602  Y 574700
X 102602  Y 574700
X 82602  Y 554700
X 102602  Y 554700
X 102602  Y 534700
X 82602  Y 534700
X 102602  Y 514700
X 82602  Y 514700
X 102602  Y 494700
X 82602  Y 494700
X 102600  Y 474700
X 82600  Y 474700
X 102602  Y 414700
X 82602  Y 414700
X 102602  Y 394700
X 82602  Y 394700
X 82602  Y 374700
X 102602  Y 374700
X 84100  Y 345500
X 84100  Y 304600
X 84100  Y 293100
X 91400  Y 236200
X 122602  Y 374700
X 162602  Y 374700
X 142602  Y 374700
X 122602  Y 394700
X 162602  Y 394700
X 142602  Y 394700
X 162602  Y 414700
X 122602  Y 414700
X 142602  Y 414700
X 122602  Y 434700
X 142602  Y 434700
X 142602  Y 454700
X 122602  Y 454700
X 142600  Y 474700
X 122600  Y 474700
X 162602  Y 494700
X 142602  Y 494700
X 122602  Y 494700
X 162602  Y 514700
X 142602  Y 514700
X 122602  Y 514700
X 142602  Y 534700
X 162602  Y 534700
X 122602  Y 534700
X 122602  Y 554700
X 162602  Y 554700
X 142602  Y 554700
X 162602  Y 574700
X 142602  Y 574700
X 122602  Y 574700
X 122602  Y 594700
X 162602  Y 594700
X 142602  Y 594700
X 162602  Y 614700
X 142602  Y 614700
X 122602  Y 614700
X 122600  Y 634700
X 162600  Y 634700
X 142600  Y 634700
X 122602  Y 654700
X 182602  Y 614700
X 202602  Y 614700
X 182602  Y 594700
X 202602  Y 594700
X 182602  Y 574700
X 202602  Y 574700
X 182602  Y 554700
X 202602  Y 554700
X 202602  Y 534700
X 182602  Y 534700
X 202602  Y 514700
X 182602  Y 514700
X 202602  Y 494700
X 182602  Y 494700
X 182602  Y 414700
X 202602  Y 414700
X 182602  Y 394700
X 202602  Y 394700
X 202602  Y 374700
X 182602  Y 374700
X 222602  Y 374700
X 242602  Y 374700
X 262602  Y 374700
X 222602  Y 394700
X 242602  Y 394700
X 262602  Y 394700
X 242602  Y 414700
X 262602  Y 414700
X 222602  Y 414700
X 242602  Y 434700
X 262602  Y 434700
X 242602  Y 454700
X 262602  Y 454700
X 242600  Y 474700
X 262600  Y 474700
X 222602  Y 494700
X 242602  Y 494700
X 262602  Y 494700
X 222602  Y 514700
X 242602  Y 514700
X 262602  Y 514700
X 242602  Y 534700
X 222602  Y 534700
X 262602  Y 534700
X 222602  Y 554700
X 262602  Y 554700
X 242602  Y 554700
X 222602  Y 574700
X 262602  Y 574700
X 242602  Y 574700
X 242602  Y 594700
X 222602  Y 594700
X 262602  Y 594700
X 262602  Y 614700
X 242602  Y 614700
X 222602  Y 614700
X 222600  Y 634700
X 242600  Y 634700
X 262600  Y 634700
X 262602  Y 654700
X 282602  Y 654700
X 302602  Y 654700
X 282600  Y 634700
X 302600  Y 634700
X 282602  Y 614700
X 302602  Y 614700
X 282602  Y 594700
X 302602  Y 594700
X 282602  Y 574700
X 302602  Y 574700
X 282602  Y 554700
X 302602  Y 554700
X 282602  Y 534700
X 302602  Y 534700
X 302602  Y 514700
X 282602  Y 514700
X 282602  Y 494700
X 302602  Y 494700
X 282600  Y 474700
X 302600  Y 474700
X 302602  Y 414700
X 282602  Y 414700
X 302602  Y 394700
X 282602  Y 394700
X 302602  Y 374700
X 282602  Y 374700
X 317500  Y 280000
X 317500  Y 252500
X 342602  Y 214700
X 342602  Y 234700
X 342602  Y 254700
X 342602  Y 274700
X 342602  Y 294700
X 342602  Y 314700
X 342602  Y 334700
X 342602  Y 354700
X 322602  Y 374700
X 342602  Y 374700
X 322602  Y 394700
X 342602  Y 394700
X 342602  Y 414700
X 322602  Y 414700
X 322602  Y 434700
X 322602  Y 454700
X 322600  Y 474700
X 342600  Y 474700
X 342602  Y 494700
X 322602  Y 494700
X 342602  Y 514700
X 322602  Y 514700
X 322602  Y 534700
X 342602  Y 534700
X 342602  Y 554700
X 322602  Y 554700
X 322602  Y 574700
X 342602  Y 574700
X 322602  Y 594700
X 342602  Y 594700
X 322602  Y 614700
X 342602  Y 614700
X 322602  Y 634700
X 342602  Y 634700
X 342602  Y 654700
X 322602  Y 654700
End of Listing
